C:\Program Files\Microsoft Visual Studio\2022\Community\MSBuild\Microsoft\VC\v170\Microsoft.CppBuild.targets(531,5): warning MSB8028: The intermediate directory (Debug\) contains files shared from another project (Win32SimpleSample.vcxproj).  This can lead to incorrect clean and rebuild behavior.
  CameraController.cpp
  DisplayChunk.cpp
C:\Users\x77wi\Documents\GitHub\WFFC-Edit\WOFFCEdit\DisplayChunk.cpp(14,27): warning C4305: '=': truncation from 'double' to 'float'
C:\Users\x77wi\Documents\GitHub\WFFC-Edit\WOFFCEdit\DisplayChunk.cpp(15,49): warning C4244: '=': conversion from 'int' to 'float', possible loss of data
C:\Users\x77wi\Documents\GitHub\WFFC-Edit\WOFFCEdit\DisplayChunk.cpp(74,185): warning C4244: 'argument': conversion from 'double' to 'float', possible loss of data
C:\Users\x77wi\Documents\GitHub\WFFC-Edit\WOFFCEdit\DisplayChunk.cpp(74,81): warning C4244: 'argument': conversion from 'double' to 'float', possible loss of data
C:\Users\x77wi\Documents\GitHub\WFFC-Edit\WOFFCEdit\DisplayChunk.cpp(94,10): warning C4996: 'fopen': This function or variable may be unsafe. Consider using fopen_s instead. To disable deprecation, use _CRT_SECURE_NO_WARNINGS. See online help for details.
C:\Users\x77wi\Documents\GitHub\WFFC-Edit\WOFFCEdit\DisplayChunk.cpp(152,10): warning C4996: 'fopen': This function or variable may be unsafe. Consider using fopen_s instead. To disable deprecation, use _CRT_SECURE_NO_WARNINGS. See online help for details.
C:\Users\x77wi\Documents\GitHub\WFFC-Edit\WOFFCEdit\DisplayChunk.cpp(189,30): warning C4101: 'index4': unreferenced local variable
C:\Users\x77wi\Documents\GitHub\WFFC-Edit\WOFFCEdit\DisplayChunk.cpp(189,14): warning C4101: 'index2': unreferenced local variable
C:\Users\x77wi\Documents\GitHub\WFFC-Edit\WOFFCEdit\DisplayChunk.cpp(189,22): warning C4101: 'index3': unreferenced local variable
C:\Users\x77wi\Documents\GitHub\WFFC-Edit\WOFFCEdit\DisplayChunk.cpp(189,6): warning C4101: 'index1': unreferenced local variable
  Game.cpp
C:\Users\x77wi\Documents\GitHub\WFFC-Edit\WOFFCEdit\Game.cpp(32,16): warning C4305: '=': truncation from 'double' to 'float'
C:\Users\x77wi\Documents\GitHub\WFFC-Edit\WOFFCEdit\Game.cpp(216,46): warning C4244: 'argument': conversion from 'double' to 'float', possible loss of data
C:\Users\x77wi\Documents\GitHub\WFFC-Edit\WOFFCEdit\Game.cpp(215,46): warning C4244: 'argument': conversion from 'double' to 'float', possible loss of data
C:\Users\x77wi\Documents\GitHub\WFFC-Edit\WOFFCEdit\Game.cpp(214,98): warning C4244: 'argument': conversion from 'double' to 'float', possible loss of data
C:\Users\x77wi\Documents\GitHub\WFFC-Edit\WOFFCEdit\Game.cpp(200,10): warning C4101: 'Buffer': unreferenced local variable
C:\Users\x77wi\Documents\GitHub\WFFC-Edit\WOFFCEdit\Game.cpp(450,20): warning C4018: '<': signed/unsigned mismatch
C:\Users\x77wi\Documents\GitHub\WFFC-Edit\WOFFCEdit\Game.cpp(459,46): warning C4244: 'argument': conversion from 'double' to 'float', possible loss of data
C:\Users\x77wi\Documents\GitHub\WFFC-Edit\WOFFCEdit\Game.cpp(458,46): warning C4244: 'argument': conversion from 'double' to 'float', possible loss of data
C:\Users\x77wi\Documents\GitHub\WFFC-Edit\WOFFCEdit\Game.cpp(457,98): warning C4244: 'argument': conversion from 'double' to 'float', possible loss of data
C:\Users\x77wi\Documents\GitHub\WFFC-Edit\WOFFCEdit\Game.cpp(465,111): warning C4244: 'argument': conversion from 'LONG' to 'float', possible loss of data
C:\Users\x77wi\Documents\GitHub\WFFC-Edit\WOFFCEdit\Game.cpp(465,85): warning C4244: 'argument': conversion from 'LONG' to 'float', possible loss of data
C:\Users\x77wi\Documents\GitHub\WFFC-Edit\WOFFCEdit\Game.cpp(466,109): warning C4244: 'argument': conversion from 'LONG' to 'float', possible loss of data
C:\Users\x77wi\Documents\GitHub\WFFC-Edit\WOFFCEdit\Game.cpp(466,83): warning C4244: 'argument': conversion from 'LONG' to 'float', possible loss of data
C:\Users\x77wi\Documents\GitHub\WFFC-Edit\WOFFCEdit\Game.cpp(473,21): warning C4018: '<': signed/unsigned mismatch
  MFCFrame.cpp
  _WIN32_WINNT not defined. Defaulting to _WIN32_WINNT_MAXVER (see WinSDKVer.h)
  MFCMain.cpp
  _WIN32_WINNT not defined. Defaulting to _WIN32_WINNT_MAXVER (see WinSDKVer.h)
  Main.cpp
  _WIN32_WINNT not defined. Defaulting to _WIN32_WINNT_MAXVER (see WinSDKVer.h)
  TextureManager.cpp
  ToolMain.cpp
  _WIN32_WINNT not defined. Defaulting to _WIN32_WINNT_MAXVER (see WinSDKVer.h)
C:\Users\x77wi\Documents\GitHub\WFFC-Edit\WOFFCEdit\ToolMain.cpp(99,46): warning C4244: '=': conversion from 'double' to 'float', possible loss of data
C:\Users\x77wi\Documents\GitHub\WFFC-Edit\WOFFCEdit\ToolMain.cpp(100,46): warning C4244: '=': conversion from 'double' to 'float', possible loss of data
C:\Users\x77wi\Documents\GitHub\WFFC-Edit\WOFFCEdit\ToolMain.cpp(101,46): warning C4244: '=': conversion from 'double' to 'float', possible loss of data
C:\Users\x77wi\Documents\GitHub\WFFC-Edit\WOFFCEdit\ToolMain.cpp(102,46): warning C4244: '=': conversion from 'double' to 'float', possible loss of data
C:\Users\x77wi\Documents\GitHub\WFFC-Edit\WOFFCEdit\ToolMain.cpp(103,46): warning C4244: '=': conversion from 'double' to 'float', possible loss of data
C:\Users\x77wi\Documents\GitHub\WFFC-Edit\WOFFCEdit\ToolMain.cpp(104,46): warning C4244: '=': conversion from 'double' to 'float', possible loss of data
C:\Users\x77wi\Documents\GitHub\WFFC-Edit\WOFFCEdit\ToolMain.cpp(105,46): warning C4244: '=': conversion from 'double' to 'float', possible loss of data
C:\Users\x77wi\Documents\GitHub\WFFC-Edit\WOFFCEdit\ToolMain.cpp(106,46): warning C4244: '=': conversion from 'double' to 'float', possible loss of data
C:\Users\x77wi\Documents\GitHub\WFFC-Edit\WOFFCEdit\ToolMain.cpp(107,46): warning C4244: '=': conversion from 'double' to 'float', possible loss of data
C:\Users\x77wi\Documents\GitHub\WFFC-Edit\WOFFCEdit\ToolMain.cpp(119,48): warning C4244: '=': conversion from 'double' to 'float', possible loss of data
C:\Users\x77wi\Documents\GitHub\WFFC-Edit\WOFFCEdit\ToolMain.cpp(120,48): warning C4244: '=': conversion from 'double' to 'float', possible loss of data
C:\Users\x77wi\Documents\GitHub\WFFC-Edit\WOFFCEdit\ToolMain.cpp(121,48): warning C4244: '=': conversion from 'double' to 'float', possible loss of data
C:\Users\x77wi\Documents\GitHub\WFFC-Edit\WOFFCEdit\ToolMain.cpp(125,48): warning C4244: '=': conversion from 'double' to 'float', possible loss of data
C:\Users\x77wi\Documents\GitHub\WFFC-Edit\WOFFCEdit\ToolMain.cpp(126,47): warning C4244: '=': conversion from 'double' to 'float', possible loss of data
C:\Users\x77wi\Documents\GitHub\WFFC-Edit\WOFFCEdit\ToolMain.cpp(127,42): warning C4244: '=': conversion from 'int' to 'float', possible loss of data
C:\Users\x77wi\Documents\GitHub\WFFC-Edit\WOFFCEdit\ToolMain.cpp(131,50): warning C4244: '=': conversion from 'double' to 'int', possible loss of data
C:\Users\x77wi\Documents\GitHub\WFFC-Edit\WOFFCEdit\ToolMain.cpp(132,50): warning C4244: '=': conversion from 'double' to 'int', possible loss of data
C:\Users\x77wi\Documents\GitHub\WFFC-Edit\WOFFCEdit\ToolMain.cpp(142,57): warning C4244: '=': conversion from 'double' to 'float', possible loss of data
C:\Users\x77wi\Documents\GitHub\WFFC-Edit\WOFFCEdit\ToolMain.cpp(143,57): warning C4244: '=': conversion from 'double' to 'float', possible loss of data
C:\Users\x77wi\Documents\GitHub\WFFC-Edit\WOFFCEdit\ToolMain.cpp(144,57): warning C4244: '=': conversion from 'double' to 'float', possible loss of data
C:\Users\x77wi\Documents\GitHub\WFFC-Edit\WOFFCEdit\ToolMain.cpp(145,58): warning C4244: '=': conversion from 'double' to 'float', possible loss of data
C:\Users\x77wi\Documents\GitHub\WFFC-Edit\WOFFCEdit\ToolMain.cpp(146,58): warning C4244: '=': conversion from 'double' to 'float', possible loss of data
C:\Users\x77wi\Documents\GitHub\WFFC-Edit\WOFFCEdit\ToolMain.cpp(147,58): warning C4244: '=': conversion from 'double' to 'float', possible loss of data
C:\Users\x77wi\Documents\GitHub\WFFC-Edit\WOFFCEdit\ToolMain.cpp(148,59): warning C4244: '=': conversion from 'double' to 'float', possible loss of data
C:\Users\x77wi\Documents\GitHub\WFFC-Edit\WOFFCEdit\ToolMain.cpp(149,56): warning C4244: '=': conversion from 'double' to 'float', possible loss of data
C:\Users\x77wi\Documents\GitHub\WFFC-Edit\WOFFCEdit\ToolMain.cpp(150,54): warning C4244: '=': conversion from 'double' to 'float', possible loss of data
C:\Users\x77wi\Documents\GitHub\WFFC-Edit\WOFFCEdit\ToolMain.cpp(151,57): warning C4244: '=': conversion from 'double' to 'float', possible loss of data
C:\Users\x77wi\Documents\GitHub\WFFC-Edit\WOFFCEdit\ToolMain.cpp(330,32): warning C4244: '=': conversion from 'int' to 'float', possible loss of data
C:\Users\x77wi\Documents\GitHub\WFFC-Edit\WOFFCEdit\ToolMain.cpp(331,32): warning C4244: '=': conversion from 'int' to 'float', possible loss of data
  Generating Code...
  Win32SimpleSample.vcxproj -> C:\Users\x77wi\Documents\GitHub\WFFC-Edit\WOFFCEdit\Debug\WoFEdit.exe
